<?xml version="1.0" encoding="UTF-8"?>
<!-- Generated by org.testng.reporters.JUnitReportReporter -->
<testsuite hostname="ADMIN" name="anusha.TestApp" tests="1" failures="0" timestamp="19 Jan 2016 09:56:37 GMT" time="48.155" errors="0">
  <testcase name="test" time="48.155" classname="anusha.TestApp"/>
</testsuite> <!-- anusha.TestApp -->
